{
  "stats": {
    "suites": 1,
    "tests": 2,
    "passes": 1,
    "pending": 0,
    "failures": 1,
    "start": "2024-06-05T11:53:20.262Z",
    "end": "2024-06-05T11:53:46.416Z",
    "duration": 26154,
    "testsRegistered": 2,
    "passPercent": 50,
    "pendingPercent": 0,
    "other": 0,
    "hasOther": false,
    "skipped": 0,
    "hasSkipped": false
  },
  "results": [
    {
      "uuid": "8b1a2515-a2e4-4908-b792-e39b15fa7512",
      "title": "",
      "fullFile": "cypress\\e2e\\spec.cy.js",
      "file": "cypress\\e2e\\spec.cy.js",
      "beforeHooks": [],
      "afterHooks": [],
      "tests": [],
      "suites": [
        {
          "uuid": "68b5e645-e4ec-4442-93f6-9ff9410dd8d7",
          "title": "Quete 04 - Plugins et reporting",
          "fullFile": "",
          "file": "",
          "beforeHooks": [],
          "afterHooks": [],
          "tests": [
            {
              "title": "passes",
              "fullTitle": "Quete 04 - Plugins et reporting passes",
              "timedOut": null,
              "duration": 363,
              "state": "passed",
              "speed": "fast",
              "pass": true,
              "fail": false,
              "pending": false,
              "context": null,
              "code": "cy.visit('https://example.cypress.io');",
              "err": {},
              "uuid": "bc01a3bd-074a-46ef-b120-4f5098b45cbe",
              "parentUUID": "68b5e645-e4ec-4442-93f6-9ff9410dd8d7",
              "isHook": false,
              "skipped": false
            },
            {
              "title": "go to google.com",
              "fullTitle": "Quete 04 - Plugins et reporting go to google.com",
              "timedOut": null,
              "duration": 23658,
              "state": "failed",
              "speed": null,
              "pass": false,
              "fail": true,
              "pending": false,
              "context": null,
              "code": "cy.visit('https://www/google.com');",
              "err": {
                "message": "CypressError: `cy.visit()` failed trying to load:\n\nhttps://www/google.com\n\nWe attempted to make an http request to this URL but the request failed without a response.\n\nWe received this error at the network level:\n\n  > Error: getaddrinfo ENOTFOUND www\n\nCommon situations why this would fail:\n  - you don't have internet access\n  - you forgot to run / boot your web server\n  - your web server isn't accessible\n  - you have weird network configuration settings on your computer",
                "estack": "CypressError: `cy.visit()` failed trying to load:\n\nhttps://www/google.com\n\nWe attempted to make an http request to this URL but the request failed without a response.\n\nWe received this error at the network level:\n\n  > Error: getaddrinfo ENOTFOUND www\n\nCommon situations why this would fail:\n  - you don't have internet access\n  - you forgot to run / boot your web server\n  - your web server isn't accessible\n  - you have weird network configuration settings on your computer\n    at <unknown> (https://example.cypress.io/__cypress/runner/cypress_runner.js:131491:74)\n    at visitFailedByErr (https://example.cypress.io/__cypress/runner/cypress_runner.js:130889:12)\n    at <unknown> (https://example.cypress.io/__cypress/runner/cypress_runner.js:131490:11)\n    at tryCatcher (https://example.cypress.io/__cypress/runner/cypress_runner.js:1807:23)\n    at Promise._settlePromiseFromHandler (https://example.cypress.io/__cypress/runner/cypress_runner.js:1519:31)\n    at Promise._settlePromise (https://example.cypress.io/__cypress/runner/cypress_runner.js:1576:18)\n    at Promise._settlePromise0 (https://example.cypress.io/__cypress/runner/cypress_runner.js:1621:10)\n    at Promise._settlePromises (https://example.cypress.io/__cypress/runner/cypress_runner.js:1697:18)\n    at _drainQueueStep (https://example.cypress.io/__cypress/runner/cypress_runner.js:2407:12)\n    at _drainQueue (https://example.cypress.io/__cypress/runner/cypress_runner.js:2400:9)\n    at Async._drainQueues (https://example.cypress.io/__cypress/runner/cypress_runner.js:2416:5)\n    at Async.drainQueues (https://example.cypress.io/__cypress/runner/cypress_runner.js:2286:14)\nFrom Your Spec Code:\n    at Context.eval (webpack://q5/./cypress/e2e/spec.cy.js:8:7)\n\nFrom Node.js Internals:\n  Error: getaddrinfo ENOTFOUND www\n      at GetAddrInfoReqWrap.onlookup [as oncomplete] (node:dns:108:26)",
                "diff": null
              },
              "uuid": "4744f1e5-fd1b-4c31-859e-1ec3dd6f2b8d",
              "parentUUID": "68b5e645-e4ec-4442-93f6-9ff9410dd8d7",
              "isHook": false,
              "skipped": false
            }
          ],
          "suites": [],
          "passes": [
            "bc01a3bd-074a-46ef-b120-4f5098b45cbe"
          ],
          "failures": [
            "4744f1e5-fd1b-4c31-859e-1ec3dd6f2b8d"
          ],
          "pending": [],
          "skipped": [],
          "duration": 24021,
          "root": false,
          "rootEmpty": false,
          "_timeout": 2000
        }
      ],
      "passes": [],
      "failures": [],
      "pending": [],
      "skipped": [],
      "duration": 0,
      "root": true,
      "rootEmpty": true,
      "_timeout": 2000
    }
  ],
  "meta": {
    "mocha": {
      "version": "7.0.1"
    },
    "mochawesome": {
      "options": {
        "quiet": false,
        "reportFilename": "mochawesome",
        "saveHtml": false,
        "saveJson": true,
        "consoleReporter": "spec",
        "useInlineDiffs": false,
        "code": true
      },
      "version": "7.1.3"
    },
    "marge": {
      "options": {
        "reportDir": "cypress/results",
        "overwrite": false,
        "html": false,
        "json": true
      },
      "version": "6.2.0"
    }
  }
}