{
  "stats": {
    "suites": 1,
    "tests": 2,
    "passes": 1,
    "pending": 0,
    "failures": 1,
    "start": "2024-06-05T11:54:29.880Z",
    "end": "2024-06-05T11:54:40.644Z",
    "duration": 10764,
    "testsRegistered": 2,
    "passPercent": 50,
    "pendingPercent": 0,
    "other": 0,
    "hasOther": false,
    "skipped": 0,
    "hasSkipped": false
  },
  "results": [
    {
      "uuid": "da9c7fc4-cc4c-4a0b-96a6-462facaa19a2",
      "title": "",
      "fullFile": "cypress\\e2e\\spec.cy.js",
      "file": "cypress\\e2e\\spec.cy.js",
      "beforeHooks": [],
      "afterHooks": [],
      "tests": [],
      "suites": [
        {
          "uuid": "5c651d4e-9b0e-4d7a-91bd-210206beb6d8",
          "title": "Quete 04 - Plugins et reporting",
          "fullFile": "",
          "file": "",
          "beforeHooks": [],
          "afterHooks": [],
          "tests": [
            {
              "title": "passes",
              "fullTitle": "Quete 04 - Plugins et reporting passes",
              "timedOut": null,
              "duration": 383,
              "state": "passed",
              "speed": "fast",
              "pass": true,
              "fail": false,
              "pending": false,
              "context": null,
              "code": "cy.visit('https://example.cypress.io');",
              "err": {},
              "uuid": "2f44ef2c-cfaa-447f-b45b-2fab4297ceed",
              "parentUUID": "5c651d4e-9b0e-4d7a-91bd-210206beb6d8",
              "isHook": false,
              "skipped": false
            },
            {
              "title": "go to google.fr",
              "fullTitle": "Quete 04 - Plugins et reporting go to google.fr",
              "timedOut": null,
              "duration": 5800,
              "state": "failed",
              "speed": null,
              "pass": false,
              "fail": true,
              "pending": false,
              "context": null,
              "code": "cy.visit('https://www.google.com');\ncy.get('[data-pid=\"23\"]').should('contain', 'Gmail').click();\ncy.wait(1000);\ncy.contains('Connexion').should('exist');",
              "err": {
                "message": "CypressError: Timed out retrying after 4050ms: `cy.click()` failed because this element:\n\n`<a class=\"gb_I\" aria-label=\"Gmail \" data-pid=\"23\" href=\"https://mail.google.com/mail/&amp;ogbl\" target=\"_top\">Gmail</a>`\n\nis being covered by another element:\n\n`<button class=\"neDYw tHlp8d\" id=\"vc3jof\" aria-label=\"Choisissez la langue, fr\" aria-disabled=\"false\" aria-expanded=\"false\" aria-haspopup=\"true\" data-ved=\"0ahUKEwi_irXXs8SGAxX_AfsDHTsWH00Qi5AHCCI\">...</button>`\n\nFix this problem, or use {force: true} to disable error checking.\n\nhttps://on.cypress.io/element-cannot-be-interacted-with",
                "estack": "CypressError: Timed out retrying after 4050ms: `cy.click()` failed because this element:\n\n`<a class=\"gb_I\" aria-label=\"Gmail \" data-pid=\"23\" href=\"https://mail.google.com/mail/&amp;ogbl\" target=\"_top\">Gmail</a>`\n\nis being covered by another element:\n\n`<button class=\"neDYw tHlp8d\" id=\"vc3jof\" aria-label=\"Choisissez la langue, fr\" aria-disabled=\"false\" aria-expanded=\"false\" aria-haspopup=\"true\" data-ved=\"0ahUKEwi_irXXs8SGAxX_AfsDHTsWH00Qi5AHCCI\">...</button>`\n\nFix this problem, or use {force: true} to disable error checking.\n\nhttps://on.cypress.io/element-cannot-be-interacted-with\n    at ensureIsDescendent (https://www.google.com/__cypress/runner/cypress_runner.js:112428:68)\n    at ensureDescendents (https://www.google.com/__cypress/runner/cypress_runner.js:112479:5)\n    at ensureDescendentsAndScroll (https://www.google.com/__cypress/runner/cypress_runner.js:112485:14)\n    at ensureElIsNotCovered (https://www.google.com/__cypress/runner/cypress_runner.js:112616:5)\n    at runAllChecks (https://www.google.com/__cypress/runner/cypress_runner.js:112815:52)\n    at retryActionability (https://www.google.com/__cypress/runner/cypress_runner.js:112852:16)\n    at tryCatcher (https://www.google.com/__cypress/runner/cypress_runner.js:1807:23)\n    at Promise.attempt.Promise.try (https://www.google.com/__cypress/runner/cypress_runner.js:4315:29)\n    at whenStable (https://www.google.com/__cypress/runner/cypress_runner.js:143678:68)\n    at <unknown> (https://www.google.com/__cypress/runner/cypress_runner.js:143619:14)\n    at tryCatcher (https://www.google.com/__cypress/runner/cypress_runner.js:1807:23)\n    at Promise._settlePromiseFromHandler (https://www.google.com/__cypress/runner/cypress_runner.js:1519:31)\n    at Promise._settlePromise (https://www.google.com/__cypress/runner/cypress_runner.js:1576:18)\n    at Promise._settlePromise0 (https://www.google.com/__cypress/runner/cypress_runner.js:1621:10)\n    at Promise._settlePromises (https://www.google.com/__cypress/runner/cypress_runner.js:1701:18)\n    at Promise._fulfill (https://www.google.com/__cypress/runner/cypress_runner.js:1645:18)\n    at <unknown> (https://www.google.com/__cypress/runner/cypress_runner.js:5450:46)\nFrom Your Spec Code:\n    at Context.eval (webpack://q5/./cypress/e2e/spec.cy.js:9:57)",
                "diff": null
              },
              "uuid": "e01a1620-71a6-45fc-b03c-1e91def62f92",
              "parentUUID": "5c651d4e-9b0e-4d7a-91bd-210206beb6d8",
              "isHook": false,
              "skipped": false
            }
          ],
          "suites": [],
          "passes": [
            "2f44ef2c-cfaa-447f-b45b-2fab4297ceed"
          ],
          "failures": [
            "e01a1620-71a6-45fc-b03c-1e91def62f92"
          ],
          "pending": [],
          "skipped": [],
          "duration": 6183,
          "root": false,
          "rootEmpty": false,
          "_timeout": 2000
        }
      ],
      "passes": [],
      "failures": [],
      "pending": [],
      "skipped": [],
      "duration": 0,
      "root": true,
      "rootEmpty": true,
      "_timeout": 2000
    }
  ],
  "meta": {
    "mocha": {
      "version": "7.0.1"
    },
    "mochawesome": {
      "options": {
        "quiet": false,
        "reportFilename": "mochawesome",
        "saveHtml": false,
        "saveJson": true,
        "consoleReporter": "spec",
        "useInlineDiffs": false,
        "code": true
      },
      "version": "7.1.3"
    },
    "marge": {
      "options": {
        "reportDir": "cypress/results",
        "overwrite": false,
        "html": false,
        "json": true
      },
      "version": "6.2.0"
    }
  }
}