{
  "stats": {
    "suites": 1,
    "tests": 3,
    "passes": 2,
    "pending": 0,
    "failures": 1,
    "start": "2024-06-05T11:59:06.022Z",
    "end": "2024-06-05T11:59:20.452Z",
    "duration": 14430,
    "testsRegistered": 3,
    "passPercent": 66.66666666666666,
    "pendingPercent": 0,
    "other": 0,
    "hasOther": false,
    "skipped": 0,
    "hasSkipped": false
  },
  "results": [
    {
      "uuid": "60579529-8dbf-42fd-ac2e-c56a2ef2e24f",
      "title": "",
      "fullFile": "cypress\\e2e\\spec.cy.js",
      "file": "cypress\\e2e\\spec.cy.js",
      "beforeHooks": [],
      "afterHooks": [],
      "tests": [],
      "suites": [
        {
          "uuid": "297d8385-6c3c-49cf-9735-c526c8460cef",
          "title": "Quete 04 - Plugins et reporting",
          "fullFile": "",
          "file": "",
          "beforeHooks": [],
          "afterHooks": [],
          "tests": [
            {
              "title": "passes",
              "fullTitle": "Quete 04 - Plugins et reporting passes",
              "timedOut": null,
              "duration": 379,
              "state": "passed",
              "speed": "fast",
              "pass": true,
              "fail": false,
              "pending": false,
              "context": null,
              "code": "cy.visit('https://example.cypress.io');",
              "err": {},
              "uuid": "41667b70-1fc3-40be-af71-9492f354d333",
              "parentUUID": "297d8385-6c3c-49cf-9735-c526c8460cef",
              "isHook": false,
              "skipped": false
            },
            {
              "title": "go to google.fr",
              "fullTitle": "Quete 04 - Plugins et reporting go to google.fr",
              "timedOut": null,
              "duration": 1418,
              "state": "passed",
              "speed": "fast",
              "pass": true,
              "fail": false,
              "pending": false,
              "context": null,
              "code": "cy.visit('https://www.google.com');\ncy.get('[alt=\"Google\"]').should('be.visible');",
              "err": {},
              "uuid": "c8367348-7ded-49eb-bdf2-d11eb98db9b0",
              "parentUUID": "297d8385-6c3c-49cf-9735-c526c8460cef",
              "isHook": false,
              "skipped": false
            },
            {
              "title": "go to amazon.fr",
              "fullTitle": "Quete 04 - Plugins et reporting go to amazon.fr",
              "timedOut": null,
              "duration": 5778,
              "state": "failed",
              "speed": null,
              "pass": false,
              "fail": true,
              "pending": false,
              "context": null,
              "code": "cy.visit('https://www.amazon.fr/');\ncy.url().should('contain', 'Amazon');",
              "err": {
                "message": "AssertionError: Timed out retrying after 4000ms: expected 'https://www.amazon.fr/' to include 'Amazon'",
                "estack": "AssertionError: Timed out retrying after 4000ms: expected 'https://www.amazon.fr/' to include 'Amazon'\n    at Context.eval (webpack://q5/./cypress/e2e/spec.cy.js:14:13)",
                "diff": null
              },
              "uuid": "7e3f1a6c-306d-4a52-9fb1-3a3b116ceb66",
              "parentUUID": "297d8385-6c3c-49cf-9735-c526c8460cef",
              "isHook": false,
              "skipped": false
            }
          ],
          "suites": [],
          "passes": [
            "41667b70-1fc3-40be-af71-9492f354d333",
            "c8367348-7ded-49eb-bdf2-d11eb98db9b0"
          ],
          "failures": [
            "7e3f1a6c-306d-4a52-9fb1-3a3b116ceb66"
          ],
          "pending": [],
          "skipped": [],
          "duration": 7575,
          "root": false,
          "rootEmpty": false,
          "_timeout": 2000
        }
      ],
      "passes": [],
      "failures": [],
      "pending": [],
      "skipped": [],
      "duration": 0,
      "root": true,
      "rootEmpty": true,
      "_timeout": 2000
    }
  ],
  "meta": {
    "mocha": {
      "version": "7.0.1"
    },
    "mochawesome": {
      "options": {
        "quiet": false,
        "reportFilename": "mochawesome",
        "saveHtml": false,
        "saveJson": true,
        "consoleReporter": "spec",
        "useInlineDiffs": false,
        "code": true
      },
      "version": "7.1.3"
    },
    "marge": {
      "options": {
        "reportDir": "cypress/results",
        "overwrite": false,
        "html": false,
        "json": true
      },
      "version": "6.2.0"
    }
  }
}